0 info it worked if it ends with ok
1 verbose cli [ '/usr/local/bin/node',
1 verbose cli   '/usr/local/bin/npm',
1 verbose cli   'install',
1 verbose cli   '-g',
1 verbose cli   'karma-cli' ]
2 info using npm@1.4.3
3 info using node@v0.10.26
4 verbose cache add [ 'karma-cli', null ]
5 verbose cache add name=undefined spec="karma-cli" args=["karma-cli",null]
6 verbose parsed url { protocol: null,
6 verbose parsed url   slashes: null,
6 verbose parsed url   auth: null,
6 verbose parsed url   host: null,
6 verbose parsed url   port: null,
6 verbose parsed url   hostname: null,
6 verbose parsed url   hash: null,
6 verbose parsed url   search: null,
6 verbose parsed url   query: null,
6 verbose parsed url   pathname: 'karma-cli',
6 verbose parsed url   path: 'karma-cli',
6 verbose parsed url   href: 'karma-cli' }
7 silly lockFile aa100f68-karma-cli karma-cli
8 verbose lock karma-cli /Users/hoavu/.npm/aa100f68-karma-cli.lock
9 silly lockFile aa100f68-karma-cli karma-cli
10 silly lockFile aa100f68-karma-cli karma-cli
11 verbose addNamed [ 'karma-cli', '' ]
12 verbose addNamed [ null, '*' ]
13 silly lockFile 8f6f2c72-karma-cli karma-cli@
14 verbose lock karma-cli@ /Users/hoavu/.npm/8f6f2c72-karma-cli.lock
15 silly addNameRange { name: 'karma-cli', range: '*', hasData: false }
16 verbose url raw karma-cli
17 verbose url resolving [ 'https://registry.npmjs.org/', './karma-cli' ]
18 verbose url resolved https://registry.npmjs.org/karma-cli
19 info trying registry request attempt 1 at 11:24:23
20 http GET https://registry.npmjs.org/karma-cli
21 http 200 https://registry.npmjs.org/karma-cli
22 silly registry.get cb [ 200,
22 silly registry.get   { date: 'Mon, 17 Mar 2014 18:24:23 GMT',
22 silly registry.get     server: 'CouchDB/1.5.0 (Erlang OTP/R14B04)',
22 silly registry.get     etag: '"2UFAGG49H5JFFFV5J85AA6VH9"',
22 silly registry.get     'content-type': 'application/json',
22 silly registry.get     via: '1.1 varnish',
22 silly registry.get     'cache-control': 'max-age=1',
22 silly registry.get     'content-length': '5880',
22 silly registry.get     'accept-ranges': 'bytes',
22 silly registry.get     age: '3209',
22 silly registry.get     'x-served-by': 'cache-v42-ASH, cache-lax1429-LAX',
22 silly registry.get     'x-cache': 'MISS, MISS',
22 silly registry.get     'x-cache-hits': '0, 0',
22 silly registry.get     'x-timer': 'S1395077453.708913803,VS0,VS-860,VE-743,VE3209656',
22 silly registry.get     vary: 'Accept',
22 silly registry.get     'keep-alive': 'timeout=10, max=50',
22 silly registry.get     connection: 'Keep-Alive' } ]
23 silly addNameRange number 2 { name: 'karma-cli', range: '*', hasData: true }
24 silly addNameRange versions [ 'karma-cli', [ '0.0.1', '0.0.2', '0.0.3', '0.0.4' ] ]
25 verbose addNamed [ 'karma-cli', '0.0.4' ]
26 verbose addNamed [ '0.0.4', '0.0.4' ]
27 silly lockFile 0ef08b95-karma-cli-0-0-4 karma-cli@0.0.4
28 verbose lock karma-cli@0.0.4 /Users/hoavu/.npm/0ef08b95-karma-cli-0-0-4.lock
29 silly lockFile ad31c554-rg-karma-cli-karma-cli-0-0-4-tgz https://registry.npmjs.org/karma-cli/-/karma-cli-0.0.4.tgz
30 verbose lock https://registry.npmjs.org/karma-cli/-/karma-cli-0.0.4.tgz /Users/hoavu/.npm/ad31c554-rg-karma-cli-karma-cli-0-0-4-tgz.lock
31 verbose addRemoteTarball [ 'https://registry.npmjs.org/karma-cli/-/karma-cli-0.0.4.tgz',
31 verbose addRemoteTarball   '1840a6a2545754bb02100f09229cdd9963a6cf68' ]
32 info retry fetch attempt 1 at 11:24:23
33 verbose fetch to= /var/folders/kc/mx1hm6dn3_x2v4wr6fzl7k7m0000gn/T/npm-17044-mk79v7QK/1395080663431-0.10987362335436046/tmp.tgz
34 http GET https://registry.npmjs.org/karma-cli/-/karma-cli-0.0.4.tgz
35 http 200 https://registry.npmjs.org/karma-cli/-/karma-cli-0.0.4.tgz
36 verbose tar unpack /var/folders/kc/mx1hm6dn3_x2v4wr6fzl7k7m0000gn/T/npm-17044-mk79v7QK/1395080663431-0.10987362335436046/tmp.tgz
37 silly lockFile 84393d43-3431-0-10987362335436046-package tar:///var/folders/kc/mx1hm6dn3_x2v4wr6fzl7k7m0000gn/T/npm-17044-mk79v7QK/1395080663431-0.10987362335436046/package
38 verbose lock tar:///var/folders/kc/mx1hm6dn3_x2v4wr6fzl7k7m0000gn/T/npm-17044-mk79v7QK/1395080663431-0.10987362335436046/package /Users/hoavu/.npm/84393d43-3431-0-10987362335436046-package.lock
39 silly lockFile e6517723-3431-0-10987362335436046-tmp-tgz tar:///var/folders/kc/mx1hm6dn3_x2v4wr6fzl7k7m0000gn/T/npm-17044-mk79v7QK/1395080663431-0.10987362335436046/tmp.tgz
40 verbose lock tar:///var/folders/kc/mx1hm6dn3_x2v4wr6fzl7k7m0000gn/T/npm-17044-mk79v7QK/1395080663431-0.10987362335436046/tmp.tgz /Users/hoavu/.npm/e6517723-3431-0-10987362335436046-tmp-tgz.lock
41 silly gunzTarPerm modes [ '755', '644' ]
42 silly gunzTarPerm extractEntry package.json
43 silly gunzTarPerm extractEntry README.md
44 silly gunzTarPerm extractEntry LICENSE
45 silly gunzTarPerm extractEntry CHANGELOG.md
46 silly gunzTarPerm extractEntry bin/karma
47 silly lockFile 84393d43-3431-0-10987362335436046-package tar:///var/folders/kc/mx1hm6dn3_x2v4wr6fzl7k7m0000gn/T/npm-17044-mk79v7QK/1395080663431-0.10987362335436046/package
48 silly lockFile 84393d43-3431-0-10987362335436046-package tar:///var/folders/kc/mx1hm6dn3_x2v4wr6fzl7k7m0000gn/T/npm-17044-mk79v7QK/1395080663431-0.10987362335436046/package
49 silly lockFile e6517723-3431-0-10987362335436046-tmp-tgz tar:///var/folders/kc/mx1hm6dn3_x2v4wr6fzl7k7m0000gn/T/npm-17044-mk79v7QK/1395080663431-0.10987362335436046/tmp.tgz
50 silly lockFile e6517723-3431-0-10987362335436046-tmp-tgz tar:///var/folders/kc/mx1hm6dn3_x2v4wr6fzl7k7m0000gn/T/npm-17044-mk79v7QK/1395080663431-0.10987362335436046/tmp.tgz
51 verbose tar pack [ '/Users/hoavu/.npm/karma-cli/0.0.4/package.tgz',
51 verbose tar pack   '/var/folders/kc/mx1hm6dn3_x2v4wr6fzl7k7m0000gn/T/npm-17044-mk79v7QK/1395080663431-0.10987362335436046/package' ]
52 verbose tarball /Users/hoavu/.npm/karma-cli/0.0.4/package.tgz
53 verbose folder /var/folders/kc/mx1hm6dn3_x2v4wr6fzl7k7m0000gn/T/npm-17044-mk79v7QK/1395080663431-0.10987362335436046/package
54 silly lockFile 84393d43-3431-0-10987362335436046-package tar:///var/folders/kc/mx1hm6dn3_x2v4wr6fzl7k7m0000gn/T/npm-17044-mk79v7QK/1395080663431-0.10987362335436046/package
55 verbose lock tar:///var/folders/kc/mx1hm6dn3_x2v4wr6fzl7k7m0000gn/T/npm-17044-mk79v7QK/1395080663431-0.10987362335436046/package /Users/hoavu/.npm/84393d43-3431-0-10987362335436046-package.lock
56 silly lockFile 4661b4c0--npm-karma-cli-0-0-4-package-tgz tar:///Users/hoavu/.npm/karma-cli/0.0.4/package.tgz
57 verbose lock tar:///Users/hoavu/.npm/karma-cli/0.0.4/package.tgz /Users/hoavu/.npm/4661b4c0--npm-karma-cli-0-0-4-package-tgz.lock
58 silly lockFile 84393d43-3431-0-10987362335436046-package tar:///var/folders/kc/mx1hm6dn3_x2v4wr6fzl7k7m0000gn/T/npm-17044-mk79v7QK/1395080663431-0.10987362335436046/package
59 silly lockFile 84393d43-3431-0-10987362335436046-package tar:///var/folders/kc/mx1hm6dn3_x2v4wr6fzl7k7m0000gn/T/npm-17044-mk79v7QK/1395080663431-0.10987362335436046/package
60 silly lockFile 4661b4c0--npm-karma-cli-0-0-4-package-tgz tar:///Users/hoavu/.npm/karma-cli/0.0.4/package.tgz
61 silly lockFile 4661b4c0--npm-karma-cli-0-0-4-package-tgz tar:///Users/hoavu/.npm/karma-cli/0.0.4/package.tgz
62 silly lockFile 41b75140-oavu-npm-karma-cli-0-0-4-package /Users/hoavu/.npm/karma-cli/0.0.4/package
63 verbose lock /Users/hoavu/.npm/karma-cli/0.0.4/package /Users/hoavu/.npm/41b75140-oavu-npm-karma-cli-0-0-4-package.lock
64 silly lockFile 41b75140-oavu-npm-karma-cli-0-0-4-package /Users/hoavu/.npm/karma-cli/0.0.4/package
65 silly lockFile 41b75140-oavu-npm-karma-cli-0-0-4-package /Users/hoavu/.npm/karma-cli/0.0.4/package
66 verbose tar unpack /Users/hoavu/.npm/karma-cli/0.0.4/package.tgz
67 silly lockFile 0e344e3f-oavu-npm-karma-cli-0-0-4-package tar:///Users/hoavu/.npm/karma-cli/0.0.4/package
68 verbose lock tar:///Users/hoavu/.npm/karma-cli/0.0.4/package /Users/hoavu/.npm/0e344e3f-oavu-npm-karma-cli-0-0-4-package.lock
69 silly lockFile 4661b4c0--npm-karma-cli-0-0-4-package-tgz tar:///Users/hoavu/.npm/karma-cli/0.0.4/package.tgz
70 verbose lock tar:///Users/hoavu/.npm/karma-cli/0.0.4/package.tgz /Users/hoavu/.npm/4661b4c0--npm-karma-cli-0-0-4-package-tgz.lock
71 silly gunzTarPerm modes [ '755', '644' ]
72 silly gunzTarPerm extractEntry package.json
73 silly gunzTarPerm extractEntry README.md
74 silly gunzTarPerm extractEntry LICENSE
75 silly gunzTarPerm extractEntry CHANGELOG.md
76 silly gunzTarPerm extractEntry bin/karma
77 silly lockFile 0e344e3f-oavu-npm-karma-cli-0-0-4-package tar:///Users/hoavu/.npm/karma-cli/0.0.4/package
78 silly lockFile 0e344e3f-oavu-npm-karma-cli-0-0-4-package tar:///Users/hoavu/.npm/karma-cli/0.0.4/package
79 silly lockFile 4661b4c0--npm-karma-cli-0-0-4-package-tgz tar:///Users/hoavu/.npm/karma-cli/0.0.4/package.tgz
80 silly lockFile 4661b4c0--npm-karma-cli-0-0-4-package-tgz tar:///Users/hoavu/.npm/karma-cli/0.0.4/package.tgz
81 verbose chmod /Users/hoavu/.npm/karma-cli/0.0.4/package.tgz 644
82 verbose chown /Users/hoavu/.npm/karma-cli/0.0.4/package.tgz [ 501, 20 ]
83 silly lockFile ad31c554-rg-karma-cli-karma-cli-0-0-4-tgz https://registry.npmjs.org/karma-cli/-/karma-cli-0.0.4.tgz
84 silly lockFile ad31c554-rg-karma-cli-karma-cli-0-0-4-tgz https://registry.npmjs.org/karma-cli/-/karma-cli-0.0.4.tgz
85 silly lockFile 0ef08b95-karma-cli-0-0-4 karma-cli@0.0.4
86 silly lockFile 0ef08b95-karma-cli-0-0-4 karma-cli@0.0.4
87 silly lockFile 8f6f2c72-karma-cli karma-cli@
88 silly lockFile 8f6f2c72-karma-cli karma-cli@
89 silly resolved [ { name: 'karma-cli',
89 silly resolved     description: 'The Karma command line interface.',
89 silly resolved     homepage: 'http://karma-runner.github.io/',
89 silly resolved     repository:
89 silly resolved      { type: 'git',
89 silly resolved        url: 'git://github.com/karma-runner/karma-cli.git' },
89 silly resolved     bugs: { url: 'https://github.com/karma-runner/karma-cli/issues' },
89 silly resolved     keywords:
89 silly resolved      [ 'karma',
89 silly resolved        'spectacular',
89 silly resolved        'runner',
89 silly resolved        'karma',
89 silly resolved        'js',
89 silly resolved        'javascript',
89 silly resolved        'testing',
89 silly resolved        'test',
89 silly resolved        'remote',
89 silly resolved        'execution' ],
89 silly resolved     author: { name: 'Vojta Jína', email: 'vojta.jina@gmail.com' },
89 silly resolved     contributors: [ [Object] ],
89 silly resolved     dependencies: { resolve: '~0.5.1' },
89 silly resolved     peerDependencies: {},
89 silly resolved     devDependencies:
89 silly resolved      { grunt: '~0.4.1',
89 silly resolved        'grunt-contrib-jshint': '~0.7.2',
89 silly resolved        'grunt-coffeelint': '0.0.7',
89 silly resolved        'grunt-bump': '0.0.11',
89 silly resolved        'grunt-npm': '0.0.2',
89 silly resolved        'grunt-auto-release': '0.0.4',
89 silly resolved        'grunt-conventional-changelog': '~1.0.0' },
89 silly resolved     preferGlobal: true,
89 silly resolved     bin: { karma: './bin/karma' },
89 silly resolved     engines: { node: '~0.8 || ~0.10' },
89 silly resolved     version: '0.0.4',
89 silly resolved     readme: '# karma-cli\n\n> The [Karma] command line interface.\n\nInstall this module if you wanna be able to use `karma` in your command line.\n\n[Karma]: http://karma-runner.github.io\n',
89 silly resolved     readmeFilename: 'README.md',
89 silly resolved     _id: 'karma-cli@0.0.4',
89 silly resolved     dist: { shasum: '9fe784614b82d490bef1af1ce878e4d8b04f0791' },
89 silly resolved     _from: 'karma-cli@',
89 silly resolved     _resolved: 'https://registry.npmjs.org/karma-cli/-/karma-cli-0.0.4.tgz' } ]
90 info install karma-cli@0.0.4 into /usr/local/lib
91 info installOne karma-cli@0.0.4
92 info /usr/local/lib/node_modules/karma-cli unbuild
93 verbose tar unpack /Users/hoavu/.npm/karma-cli/0.0.4/package.tgz
94 silly lockFile f15a2687-local-lib-node-modules-karma-cli tar:///usr/local/lib/node_modules/karma-cli
95 verbose lock tar:///usr/local/lib/node_modules/karma-cli /Users/hoavu/.npm/f15a2687-local-lib-node-modules-karma-cli.lock
96 silly lockFile 4661b4c0--npm-karma-cli-0-0-4-package-tgz tar:///Users/hoavu/.npm/karma-cli/0.0.4/package.tgz
97 verbose lock tar:///Users/hoavu/.npm/karma-cli/0.0.4/package.tgz /Users/hoavu/.npm/4661b4c0--npm-karma-cli-0-0-4-package-tgz.lock
98 silly gunzTarPerm modes [ '755', '644' ]
99 error Error: EACCES, mkdir '/usr/local/lib/node_modules/karma-cli'
99 error  { [Error: EACCES, mkdir '/usr/local/lib/node_modules/karma-cli']
99 error   errno: 3,
99 error   code: 'EACCES',
99 error   path: '/usr/local/lib/node_modules/karma-cli',
99 error   fstream_type: 'Directory',
99 error   fstream_path: '/usr/local/lib/node_modules/karma-cli',
99 error   fstream_class: 'DirWriter',
99 error   fstream_stack:
99 error    [ '/usr/local/lib/node_modules/npm/node_modules/fstream/lib/dir-writer.js:36:23',
99 error      '/usr/local/lib/node_modules/npm/node_modules/mkdirp/index.js:37:53',
99 error      'Object.oncomplete (fs.js:107:15)' ] }
100 error Please try running this command again as root/Administrator.
101 error System Darwin 13.1.0
102 error command "/usr/local/bin/node" "/usr/local/bin/npm" "install" "-g" "karma-cli"
103 error cwd /Users/hoavu/Dev/angular-phonecat
104 error node -v v0.10.26
105 error npm -v 1.4.3
106 error path /usr/local/lib/node_modules/karma-cli
107 error fstream_path /usr/local/lib/node_modules/karma-cli
108 error fstream_type Directory
109 error fstream_class DirWriter
110 error code EACCES
111 error errno 3
112 error stack Error: EACCES, mkdir '/usr/local/lib/node_modules/karma-cli'
113 error fstream_stack /usr/local/lib/node_modules/npm/node_modules/fstream/lib/dir-writer.js:36:23
113 error fstream_stack /usr/local/lib/node_modules/npm/node_modules/mkdirp/index.js:37:53
113 error fstream_stack Object.oncomplete (fs.js:107:15)
114 verbose exit [ 3, true ]
